<?xml version="1.0" encoding="UTF-8"?>
<!-- Generated by org.testng.reporters.JUnitReportReporter -->
<testsuite skipped="0" hostname="User" name="com.SauceDemoAutomation.qa.test.LoginPageTest" tests="2" failures="0" timestamp="16 Mar 2020 02:53:11 GMT" time="30.589" errors="0">
  <testcase name="LoginPageTitleTest" time="15.489" classname="com.SauceDemoAutomation.qa.test.LoginPageTest"/>
  <testcase name="loginTest" time="15.100" classname="com.SauceDemoAutomation.qa.test.LoginPageTest"/>
</testsuite> <!-- com.SauceDemoAutomation.qa.test.LoginPageTest -->
