<?xml version="1.0" encoding="UTF-8"?>
<!-- Generated by org.testng.reporters.JUnitReportReporter -->
<testsuite skipped="0" hostname="User" name="com.SauceDemoAutomation.qa.test.HomePageTest" tests="3" failures="0" timestamp="16 Mar 2020 04:54:34 GMT" time="42.794" errors="0">
  <testcase name="checkProductPageLabel" time="15.929" classname="com.SauceDemoAutomation.qa.test.HomePageTest"/>
  <testcase name="AddTshirtToTheCart" time="13.469" classname="com.SauceDemoAutomation.qa.test.HomePageTest"/>
  <testcase name="clickYourCartBtn" time="13.396" classname="com.SauceDemoAutomation.qa.test.HomePageTest"/>
</testsuite> <!-- com.SauceDemoAutomation.qa.test.HomePageTest -->
